{"message":"123","level":"info"}
{"message":"123","level":"info"}
{"message":"123","level":"info"}
{"message":"123","level":"info"}
{"message":123123123,"level":"info"}
{"message":123123123,"level":"info"}
{"message":123123123,"level":"info"}
{"message":123123123,"level":"info"}
{"message":123123123,"level":"info"}
{"message":123123123,"level":"info"}
{"message":123123123,"level":"info"}
{"message":123123123,"level":"info"}
{"message":123123123,"level":"info"}
{"message":123123123,"level":"info"}
{"message":123123123,"level":"info"}
{"message":123123123,"level":"info"}
{"message":123123123,"level":"info"}
{"message":123123123,"level":"info"}
{"message":123123123,"level":"info"}
{"message":123123123,"level":"info"}
{"message":"333","level":"error"}
{"level":"error","message":"Internal error(%d): %s","splat":[500,"Random error!"]}
{"level":"error","message":"Internal error(%d): %s","splat":[500,"Random error!"]}
{"level":"error","message":"Internal error(%d): %s","splat":[500,"Random error!"]}
{"message":"Connection successfull","level":"info"}
{"message":"Connection successfull","level":"info"}
{"message":"Connection successfull","level":"info"}
{"message":"Connection successfull","level":"info"}
{"message":"Connection successfull","level":"info"}
{"message":"Connection successfull","level":"info"}
{"message":"Connection successfull","level":"info"}
{"message":"Connection successfull","level":"info"}
{"message":"Connection successfull","level":"info"}
{"message":"Connection successfull","level":"info"}
{"message":"Connection successfull","level":"info"}
{"message":"Connection successfull","level":"info"}
{"message":"Connection successfull","level":"info"}
{"message":"Connection successfull","level":"info"}
{"message":"Connection successfull","level":"info"}
{"message":"Connection successfull","level":"info"}
{"message":"Connection successfull","level":"info"}
{"message":"Connection successfull","level":"info"}
{"message":"Connection successfull","level":"info"}
{"message":"Connection successfull","level":"info"}
{"message":"Connection successfull","level":"info"}
{"message":"Connection successfull","level":"info"}
{"message":"Connection successfull","level":"info"}
{"message":"Connection successfull","level":"info"}
{"message":"Connection successfull","level":"info"}
{"message":"Connection successfull","level":"info"}
{"message":"Connection successfull","level":"info"}
{"message":"Connection successfull","level":"info"}
{"message":"Connection successfull","level":"info"}
{"message":"Connection successfull","level":"info"}
{"message":"Connection successfull","level":"info"}
{"message":"Connection successfull","level":"info"}
{"message":"Connection successfull","level":"info"}
{"message":"Connection successfull","level":"info"}
{"message":"Connection successfull","level":"info"}
{"message":"Connection successfull","level":"info"}
{"message":"Connection successfull","level":"info"}
{"message":"Connection successfull","level":"info"}
{"message":"Connection successfull","level":"info"}
{"message":"Connection successfull","level":"info"}
{"message":"Connection successfull","level":"info"}
{"message":"Connection successfull","level":"info"}
{"message":"Connection successfull","level":"info"}
{"message":"Connection successfull","level":"info"}
{"message":"Connection successfull","level":"info"}
{"message":"Connection successfull","level":"info"}
{"message":"Connection successfull","level":"info"}
{"message":"Connection successfull","level":"info"}
{"message":"Connection successfull","level":"info"}
{"message":"Connection successfull","level":"info"}
{"message":"Connection successfull","level":"info"}
{"message":"Connection successfull","level":"info"}
{"message":"Connection successfull","level":"info"}
{"message":"Connection successfull","level":"info"}
{"message":"Connection successfull","level":"info"}
{"message":"Connection successfull","level":"info"}
{"message":"Connection successfull","level":"info"}
{"message":"Connection successfull","level":"info"}
{"message":"Connection successfull","level":"info"}
{"message":"Connection successfull","level":"info"}
{"message":"Connection successfull","level":"info"}
{"message":"Connection successfull","level":"info"}
{"message":"Connection successfull","level":"info"}
{"message":"Connection successfull","level":"info"}
{"message":"Connection successfull","level":"info"}
{"message":"!!!","level":"info"}
{"message":"!!!","level":"info"}
{"message":"Connection successfull","level":"info"}
{"message":"!!!","level":"info"}
{"message":"Connection successfull","level":"info"}
{"message":"Connection successfull","level":"info"}
{"message":"Connection successfull","level":"info"}
{"message":"Connection successfull","level":"info"}
{"message":"Connection successfull","level":"info"}
{"message":"Connection successfull","level":"info"}
{"message":"Connection successfull","level":"info"}
{"message":"Connection successfull","level":"info"}
{"message":"Connection successfull","level":"info"}
{"message":"Connection successfull","level":"info"}
{"message":"Connection successfull","level":"info"}
{"message":"Connection successfull","level":"info"}
{"message":"Connection successfull","level":"info"}
{"0":"f","1":"a","2":"i","3":"l","4":"e","5":"d","6":" ","7":"t","8":"o","9":" ","10":"c","11":"o","12":"n","13":"n","14":"e","15":"c","16":"t","17":" ","18":"t","19":"o","20":" ","21":"s","22":"e","23":"r","24":"v","25":"e","26":"r","27":" ","28":"[","29":"l","30":"o","31":"c","32":"a","33":"l","34":"h","35":"o","36":"s","37":"t","38":":","39":"2","40":"7","41":"0","42":"1","43":"7","44":"]","45":" ","46":"o","47":"n","48":" ","49":"f","50":"i","51":"r","52":"s","53":"t","54":" ","55":"c","56":"o","57":"n","58":"n","59":"e","60":"c","61":"t","62":" ","63":"[","64":"M","65":"o","66":"n","67":"g","68":"o","69":"N","70":"e","71":"t","72":"w","73":"o","74":"r","75":"k","76":"E","77":"r","78":"r","79":"o","80":"r","81":":","82":" ","83":"c","84":"o","85":"n","86":"n","87":"e","88":"c","89":"t","90":" ","91":"E","92":"C","93":"O","94":"N","95":"N","96":"R","97":"E","98":"F","99":"U","100":"S","101":"E","102":"D","103":" ","104":"1","105":"2","106":"7","107":".","108":"0","109":".","110":"0","111":".","112":"1","113":":","114":"2","115":"7","116":"0","117":"1","118":"7","119":"]","level":"error","message":"connection error:"}
{"0":"f","1":"a","2":"i","3":"l","4":"e","5":"d","6":" ","7":"t","8":"o","9":" ","10":"c","11":"o","12":"n","13":"n","14":"e","15":"c","16":"t","17":" ","18":"t","19":"o","20":" ","21":"s","22":"e","23":"r","24":"v","25":"e","26":"r","27":" ","28":"[","29":"l","30":"o","31":"c","32":"a","33":"l","34":"h","35":"o","36":"s","37":"t","38":":","39":"2","40":"7","41":"0","42":"1","43":"7","44":"]","45":" ","46":"o","47":"n","48":" ","49":"f","50":"i","51":"r","52":"s","53":"t","54":" ","55":"c","56":"o","57":"n","58":"n","59":"e","60":"c","61":"t","62":" ","63":"[","64":"M","65":"o","66":"n","67":"g","68":"o","69":"N","70":"e","71":"t","72":"w","73":"o","74":"r","75":"k","76":"E","77":"r","78":"r","79":"o","80":"r","81":":","82":" ","83":"c","84":"o","85":"n","86":"n","87":"e","88":"c","89":"t","90":" ","91":"E","92":"C","93":"O","94":"N","95":"N","96":"R","97":"E","98":"F","99":"U","100":"S","101":"E","102":"D","103":" ","104":"1","105":"2","106":"7","107":".","108":"0","109":".","110":"0","111":".","112":"1","113":":","114":"2","115":"7","116":"0","117":"1","118":"7","119":"]","level":"error","message":"connection error:"}
{"0":"f","1":"a","2":"i","3":"l","4":"e","5":"d","6":" ","7":"t","8":"o","9":" ","10":"c","11":"o","12":"n","13":"n","14":"e","15":"c","16":"t","17":" ","18":"t","19":"o","20":" ","21":"s","22":"e","23":"r","24":"v","25":"e","26":"r","27":" ","28":"[","29":"l","30":"o","31":"c","32":"a","33":"l","34":"h","35":"o","36":"s","37":"t","38":":","39":"2","40":"7","41":"0","42":"1","43":"7","44":"]","45":" ","46":"o","47":"n","48":" ","49":"f","50":"i","51":"r","52":"s","53":"t","54":" ","55":"c","56":"o","57":"n","58":"n","59":"e","60":"c","61":"t","62":" ","63":"[","64":"M","65":"o","66":"n","67":"g","68":"o","69":"N","70":"e","71":"t","72":"w","73":"o","74":"r","75":"k","76":"E","77":"r","78":"r","79":"o","80":"r","81":":","82":" ","83":"c","84":"o","85":"n","86":"n","87":"e","88":"c","89":"t","90":" ","91":"E","92":"C","93":"O","94":"N","95":"N","96":"R","97":"E","98":"F","99":"U","100":"S","101":"E","102":"D","103":" ","104":"1","105":"2","106":"7","107":".","108":"0","109":".","110":"0","111":".","112":"1","113":":","114":"2","115":"7","116":"0","117":"1","118":"7","119":"]","level":"error","message":"connection error:"}
{"0":"f","1":"a","2":"i","3":"l","4":"e","5":"d","6":" ","7":"t","8":"o","9":" ","10":"c","11":"o","12":"n","13":"n","14":"e","15":"c","16":"t","17":" ","18":"t","19":"o","20":" ","21":"s","22":"e","23":"r","24":"v","25":"e","26":"r","27":" ","28":"[","29":"l","30":"o","31":"c","32":"a","33":"l","34":"h","35":"o","36":"s","37":"t","38":":","39":"2","40":"7","41":"0","42":"1","43":"7","44":"]","45":" ","46":"o","47":"n","48":" ","49":"f","50":"i","51":"r","52":"s","53":"t","54":" ","55":"c","56":"o","57":"n","58":"n","59":"e","60":"c","61":"t","62":" ","63":"[","64":"M","65":"o","66":"n","67":"g","68":"o","69":"N","70":"e","71":"t","72":"w","73":"o","74":"r","75":"k","76":"E","77":"r","78":"r","79":"o","80":"r","81":":","82":" ","83":"c","84":"o","85":"n","86":"n","87":"e","88":"c","89":"t","90":" ","91":"E","92":"C","93":"O","94":"N","95":"N","96":"R","97":"E","98":"F","99":"U","100":"S","101":"E","102":"D","103":" ","104":"1","105":"2","106":"7","107":".","108":"0","109":".","110":"0","111":".","112":"1","113":":","114":"2","115":"7","116":"0","117":"1","118":"7","119":"]","level":"error","message":"connection error:"}
{"message":"Connection successfull","level":"info"}
{"0":"f","1":"a","2":"i","3":"l","4":"e","5":"d","6":" ","7":"t","8":"o","9":" ","10":"c","11":"o","12":"n","13":"n","14":"e","15":"c","16":"t","17":" ","18":"t","19":"o","20":" ","21":"s","22":"e","23":"r","24":"v","25":"e","26":"r","27":" ","28":"[","29":"l","30":"o","31":"c","32":"a","33":"l","34":"h","35":"o","36":"s","37":"t","38":":","39":"2","40":"7","41":"0","42":"1","43":"7","44":"]","45":" ","46":"o","47":"n","48":" ","49":"f","50":"i","51":"r","52":"s","53":"t","54":" ","55":"c","56":"o","57":"n","58":"n","59":"e","60":"c","61":"t","62":" ","63":"[","64":"M","65":"o","66":"n","67":"g","68":"o","69":"N","70":"e","71":"t","72":"w","73":"o","74":"r","75":"k","76":"E","77":"r","78":"r","79":"o","80":"r","81":":","82":" ","83":"c","84":"o","85":"n","86":"n","87":"e","88":"c","89":"t","90":" ","91":"E","92":"C","93":"O","94":"N","95":"N","96":"R","97":"E","98":"F","99":"U","100":"S","101":"E","102":"D","103":" ","104":"1","105":"2","106":"7","107":".","108":"0","109":".","110":"0","111":".","112":"1","113":":","114":"2","115":"7","116":"0","117":"1","118":"7","119":"]","level":"error","message":"connection error:"}
{"message":"Connection successfull","level":"info"}
{"message":"!!!","level":"info"}
{"message":"!!!","level":"info"}
{"message":"!!!","level":"info"}
{"message":"!!!","level":"info"}
{"message":"!!!","level":"info"}
{"message":"!!!","level":"info"}
{"message":"Connection successfull","level":"info"}
{"message":"!!!","level":"info"}
{"message":"Connection successfull","level":"info"}
{"message":"!!!","level":"info"}
{"message":"Connection successfull","level":"info"}
{"message":"Connection successfull","level":"info"}
{"message":"Connection successfull","level":"info"}
{"message":"Connection successfull","level":"info"}
{"message":"Connection successfull","level":"info"}
{"message":"Connection successfull","level":"info"}
{"message":"Connection successfull","level":"info"}
{"message":{},"level":"info"}
{"message":"Connection successfull","level":"info"}
{"message":{"title":"awdawdawd"},"level":"info"}
{"message":"Connection successfull","level":"info"}
{"message":{"title":"Title test","author":"Author test","description":"Description Test"},"level":"info"}
{"message":"article created","level":"info"}
{"message":"Connection successfull","level":"info"}
{"message":{"title":"Title test","author":"Author test","description":"Description Test"},"level":"info"}
{"message":"article created","level":"info"}
{"message":"Connection successfull","level":"info"}
{"message":{"title":"Title test","author":"Author test","description":"Description Test"},"level":"info"}
{"message":"article created","level":"info"}
{"message":"!!!","level":"info"}
{"message":"!!!","level":"info"}
{"message":"article updated","level":"info"}
{"message":"!!!","level":"info"}
{"message":"Connection successfull","level":"info"}
{"message":"Connection successfull","level":"info"}
{"message":"Connection successfull","level":"info"}
{"message":"Connection successfull","level":"info"}
{"message":"Connection successfull","level":"info"}
{"message":"Connection successfull","level":"info"}
{"message":"Connection successfull","level":"info"}
{"message":"Connection successfull","level":"info"}
{"message":"Connection successfull","level":"info"}
{"message":"Connection successfull","level":"info"}
{"message":"Connection successfull","level":"info"}
{"message":"Connection successfull","level":"info"}
{"message":"Connection successfull","level":"info"}
{"message":"Connection successfull","level":"info"}
{"message":"Connection successfull","level":"info"}
{"message":"Connection successfull","level":"info"}
{"message":"Connection successfull","level":"info"}
{"message":"Connection successfull","level":"info"}
